[2024/09/10 周二  6:52:45.44] I:文件名 
[2024/09/10 周二  6:53:35.56] I:完成 
[2024/09/10 周二 14:27:59.03] I:启动！ 
[2024/09/10 周二 14:27:59.05] W:文件存在，跳过！ 
[2024/09/10 周二 17:27:50.74] I:启动！ 
[2024/09/10 周二 17:27:50.76] W:文件存在，跳过！ 
[2024/09/10 周二 17:36:47.69] I:启动！ 
[2024/09/10 周二 17:36:47.71] W:文件存在，跳过！ 
[2024/09/10 周二 17:54:02.64] I:启动！ 
[2024/09/10 周二 17:54:02.65] W:文件存在，跳过！ 
[2024/09/10 周二 17:54:23.00] I:启动！ 
[2024/09/10 周二 17:54:23.03] W:文件存在，跳过！ 
[2024/09/10 周二 17:56:10.59] I:启动！ 
[2024/09/10 周二 17:56:10.62] W:文件存在，跳过！ 
[2024/09/10 周二 17:56:16.97] I:启动！ 
[2024/09/10 周二 17:56:16.99] W:文件存在，跳过！ 
[2024/09/11 周三 10:22:52.78] I:启动！ 
[2024/09/11 周三 10:22:53.09] I:启动！ 
[2024/09/11 周三 10:22:53.45] I:开始备份！ 
[2024/09/11 周三 10:22:53.46] I:文件名"D:\backups\10班共享资料-2024.09.11-autopack.7z" 
[2024/09/11 周三 10:23:39.40] I:完成 
[2024/09/11 周三 11:06:42.71] I:启动！ 
[2024/09/11 周三 11:06:42.73] W:文件存在，跳过！ 
[2024/09/11 周三 14:28:45.34] I:启动！ 
[2024/09/11 周三 14:28:45.36] W:文件存在，跳过！ 
[2024/09/11 周三 18:21:29.32] I:启动！ 
[2024/09/11 周三 18:21:29.34] W:文件存在，跳过！ 
[2024/09/11 周三 18:23:31.65] I:启动！ 
[2024/09/11 周三 18:23:31.68] W:文件存在，跳过！ 
[2024/09/11 周三 19:28:05.65] I:启动！ 
[2024/09/11 周三 19:28:05.67] W:文件存在，跳过！ 
[2024/09/11 周三 19:28:20.80] I:启动！ 
[2024/09/11 周三 19:28:20.84] W:文件存在，跳过！ 
[2024/09/11 周三 21:04:59.15] I:启动！ 
[2024/09/11 周三 21:04:59.17] W:文件存在，跳过！ 
[2024/09/11 周三 22:41:16.23] I:启动！ 
[2024/09/11 周三 22:41:16.24] W:文件存在，跳过！ 
[2024/09/11 周三 22:41:37.99] I:启动！ 
[2024/09/11 周三 22:41:38.01] W:文件存在，跳过！ 
[2024/09/11 周三 22:42:25.09] I:启动！ 
[2024/09/11 周三 22:42:25.12] W:文件存在，跳过！ 
[2024/09/11 周三 22:43:12.06] I:启动！ 
[2024/09/11 周三 22:43:12.08] W:文件存在，跳过！ 
[2024/09/11 周三 22:43:30.82] I:启动！ 
[2024/09/11 周三 22:43:30.85] W:文件存在，跳过！ 
[2024/09/12 周四  6:47:49.98] I:启动！ 
[2024/09/12 周四  6:47:50.27] I:启动！ 
[2024/09/12 周四  6:47:50.62] I:开始备份！ 
[2024/09/12 周四  6:47:50.63] I:文件名"D:\backups\10班共享资料-2024.09.12-autopack.7z" 
[2024/09/12 周四  6:48:36.54] I:完成 
[2024/09/12 周四 14:27:08.95] I:启动！ 
[2024/09/12 周四 14:27:08.97] W:文件存在，跳过！ 
[2024/09/12 周四 16:04:05.14] I:启动！ 
[2024/09/12 周四 16:04:05.16] W:文件存在，跳过！ 
[2024/09/12 周四 16:05:34.87] I:启动！ 
[2024/09/12 周四 16:05:34.90] W:文件存在，跳过！ 
[2024/09/12 周四 16:05:50.98] I:启动！ 
[2024/09/12 周四 16:05:51.00] W:文件存在，跳过！ 
[2024/09/13 周五  6:55:16.13] I:启动！ 
[2024/09/13 周五  6:55:16.39] I:启动！ 
[2024/09/13 周五  6:55:16.69] I:开始备份！ 
[2024/09/13 周五  6:55:16.70] I:文件名"D:\backups\10班共享资料-2024.09.13-autopack.7z" 
[2024/09/13 周五  6:56:01.75] I:完成 
[2024/09/13 周五 15:16:15.00] I:启动！ 
[2024/09/13 周五 15:16:15.03] W:文件存在，跳过！ 
[2024/09/13 周五 17:32:28.37] I:启动！ 
[2024/09/13 周五 17:32:28.39] W:文件存在，跳过！ 
[2024/09/13 周五 18:33:45.95] I:启动！ 
[2024/09/13 周五 18:33:45.98] W:文件存在，跳过！ 
[2024/09/14 周六  7:04:28.25] I:启动！ 
[2024/09/14 周六  7:04:28.52] I:启动！ 
[2024/09/14 周六  7:04:28.83] I:开始备份！ 
[2024/09/14 周六  7:04:28.84] I:文件名"D:\backups\10班共享资料-2024.09.14-autopack.7z" 
[2024/09/14 周六  7:05:13.91] I:完成 
[2024/09/14 周六 16:48:51.03] I:启动！ 
[2024/09/14 周六 16:48:51.05] W:文件存在，跳过！ 
[2024/09/15 周日  6:50:11.36] I:启动！ 
[2024/09/15 周日  6:50:11.62] I:启动！ 
[2024/09/15 周日  6:50:11.92] I:开始备份！ 
[2024/09/15 周日  6:50:11.92] I:文件名"D:\backups\10班共享资料-2024.09.15-autopack.7z" 
[2024/09/15 周日  6:50:57.77] I:完成 
[2024/09/15 周日 16:21:19.47] I:启动！ 
[2024/09/15 周日 16:21:19.49] W:文件存在，跳过！ 
[2024/09/15 周日 16:56:08.57] I:启动！ 
[2024/09/15 周日 16:56:08.59] W:文件存在，跳过！ 
[2024/09/15 周日 17:03:14.16] I:启动！ 
[2024/09/15 周日 17:03:14.20] W:文件存在，跳过！ 
[2024/09/18 周三  8:47:34.80] I:启动！ 
[2024/09/18 周三  8:47:35.06] I:启动！ 
[2024/09/18 周三  8:47:35.34] I:开始备份！ 
[2024/09/18 周三  8:47:35.35] I:文件名"D:\backups\10班共享资料-2024.09.18-autopack.7z" 
[2024/09/18 周三  8:48:23.50] I:完成 
[2024/09/18 周三 14:26:36.19] I:启动！ 
[2024/09/18 周三 14:26:36.21] W:文件存在，跳过！ 
[2024/09/18 周三 17:21:22.78] I:启动！ 
[2024/09/18 周三 17:21:22.80] W:文件存在，跳过！ 
[2024/09/19 周四  6:50:46.57] I:启动！ 
[2024/09/19 周四  6:50:46.84] I:启动！ 
[2024/09/19 周四  6:50:47.14] I:开始备份！ 
[2024/09/19 周四  6:50:47.15] I:文件名"D:\backups\10班共享资料-2024.09.19-autopack.7z" 
[2024/09/19 周四  6:51:36.90] I:完成 
[2024/09/19 周四 14:28:44.52] I:启动！ 
[2024/09/19 周四 14:28:44.54] W:文件存在，跳过！ 
[2024/09/19 周四 17:17:22.88] I:启动！ 
[2024/09/19 周四 17:17:22.92] W:文件存在，跳过！ 
[2024/09/19 周四 18:28:59.79] I:启动！ 
[2024/09/19 周四 18:28:59.83] W:文件存在，跳过！ 
[2024/09/20 周五  6:56:59.25] I:启动！ 
[2024/09/20 周五  6:56:59.52] I:启动！ 
[2024/09/20 周五  6:56:59.82] I:开始备份！ 
[2024/09/20 周五  6:56:59.83] I:文件名"D:\backups\10班共享资料-2024.09.20-autopack.7z" 
[2024/09/20 周五  6:57:45.99] I:完成 
[2024/09/20 周五 15:21:28.00] I:启动！ 
[2024/09/20 周五 15:21:28.02] W:文件存在，跳过！ 
[2024/09/21 周六  6:45:43.90] I:启动！ 
[2024/09/21 周六  6:45:44.17] I:启动！ 
[2024/09/21 周六  6:45:44.48] I:开始备份！ 
[2024/09/21 周六  6:45:44.50] I:文件名"D:\backups\10班共享资料-2024.09.21-autopack.7z" 
[2024/09/21 周六  6:46:30.31] I:完成 
[2024/09/22 周日 18:46:33.73] I:启动！ 
[2024/09/22 周日 18:46:33.99] I:启动！ 
[2024/09/22 周日 18:46:34.29] I:开始备份！ 
[2024/09/22 周日 18:46:34.30] I:文件名"D:\backups\10班共享资料-2024.09.22-autopack.7z" 
[2024/09/22 周日 18:47:19.96] I:完成 
[2024/09/23 周一  6:56:43.38] I:启动！ 
[2024/09/23 周一  6:56:43.64] I:启动！ 
[2024/09/23 周一  6:56:43.96] I:开始备份！ 
[2024/09/23 周一  6:56:43.96] I:文件名"D:\backups\10班共享资料-2024.09.23-autopack.7z" 
[2024/09/23 周一  6:57:35.83] I:完成 
[2024/09/23 周一 16:03:06.48] I:启动！ 
[2024/09/23 周一 16:03:06.51] W:文件存在，跳过！ 
[2024/09/23 周一 17:25:19.27] I:启动！ 
[2024/09/23 周一 17:25:19.30] W:文件存在，跳过！ 
[2024/09/24 周二  6:49:47.01] I:启动！ 
[2024/09/24 周二  6:49:47.26] I:启动！ 
[2024/09/24 周二  6:49:47.60] I:开始备份！ 
[2024/09/24 周二  6:49:47.61] I:文件名"D:\backups\10班共享资料-2024.09.24-autopack.7z" 
[2024/09/24 周二  6:50:41.61] I:完成 
[2024/09/24 周二 14:29:18.54] I:启动！ 
[2024/09/24 周二 14:29:18.56] W:文件存在，跳过！ 
[2024/09/24 周二 18:02:48.58] I:启动！ 
[2024/09/24 周二 18:02:48.60] W:文件存在，跳过！ 
[2024/09/25 周三  6:56:54.27] I:启动！ 
[2024/09/25 周三  6:56:54.53] I:启动！ 
[2024/09/25 周三  6:56:54.83] I:开始备份！ 
[2024/09/25 周三  6:56:54.83] I:文件名"D:\backups\10班共享资料-2024.09.25-autopack.7z" 
[2024/09/25 周三  6:57:46.78] I:完成 
[2024/09/25 周三 11:08:29.79] I:启动！ 
[2024/09/25 周三 11:08:29.81] W:文件存在，跳过！ 
[2024/09/25 周三 17:07:31.96] I:启动！ 
[2024/09/25 周三 17:07:31.98] W:文件存在，跳过！ 
[2024/09/26 周四 18:37:49.97] I:启动！ 
[2024/09/26 周四 18:37:50.23] I:启动！ 
[2024/09/26 周四 18:37:50.52] I:开始备份！ 
[2024/09/26 周四 18:37:50.52] I:文件名"D:\backups\10班共享资料-2024.09.26-autopack.7z" 
[2024/09/26 周四 18:38:36.84] I:完成 
[2024/09/27 周五 17:09:47.52] I:启动！ 
[2024/09/27 周五 17:09:47.79] I:启动！ 
[2024/09/27 周五 17:09:48.07] I:开始备份！ 
[2024/09/27 周五 17:09:48.08] I:文件名"D:\backups\10班共享资料-2024.09.27-autopack.7z" 
[2024/09/27 周五 17:10:38.53] I:完成 
[2024/09/28 周六  8:12:43.09] I:启动！ 
[2024/09/28 周六  8:12:43.38] I:启动！ 
[2024/09/28 周六  8:12:43.71] I:开始备份！ 
[2024/09/28 周六  8:12:43.71] I:文件名"D:\backups\10班共享资料-2024.09.28-autopack.7z" 
[2024/09/28 周六 10:05:46.68] I:启动！ 
[2024/09/28 周六 10:05:46.69] W:文件存在，跳过！ 
[2024/09/29 周日  6:44:39.03] I:启动！ 
[2024/09/29 周日  6:44:39.28] I:启动！ 
[2024/09/29 周日  6:44:39.58] I:开始备份！ 
[2024/09/29 周日  6:44:39.58] I:文件名"D:\backups\10班共享资料-2024.09.29-autopack.7z" 
[2024/09/29 周日  6:45:28.90] I:完成 
[2024/09/29 周日 14:28:04.18] I:启动！ 
[2024/09/29 周日 14:28:04.20] W:文件存在，跳过！ 
[2024/09/29 周日 17:41:04.12] I:启动！ 
[2024/09/29 周日 17:41:04.15] W:文件存在，跳过！ 
[2024/09/29 周日 17:45:21.49] I:启动！ 
[2024/09/29 周日 17:45:21.51] W:文件存在，跳过！ 
[2024/09/30 周一  6:57:31.02] I:启动！ 
[2024/09/30 周一  6:57:31.27] I:启动！ 
[2024/09/30 周一  6:57:31.56] I:开始备份！ 
[2024/09/30 周一  6:57:31.57] I:文件名"D:\backups\10班共享资料-2024.09.30-autopack.7z" 
[2024/09/30 周一  6:58:22.27] I:完成 
[2024/09/30 周一  7:57:25.18] I:启动！ 
[2024/09/30 周一  7:57:25.20] W:文件存在，跳过！ 
[2024/09/30 周一 15:15:24.72] I:启动！ 
[2024/09/30 周一 15:15:24.74] W:文件存在，跳过！ 
[2024/09/30 周一 17:06:42.39] I:启动！ 
[2024/09/30 周一 17:06:42.41] W:文件存在，跳过！ 
[2024/10/04 周五 18:53:58.94] I:启动！ 
[2024/10/04 周五 18:53:59.20] I:启动！ 
[2024/10/04 周五 18:53:59.69] I:开始备份！ 
[2024/10/04 周五 18:53:59.69] I:文件名"D:\backups\10班共享资料-2024.10.04-autopack.7z" 
[2024/10/04 周五 18:54:47.24] I:完成 
[2024/10/05 周六  6:39:48.35] I:启动！ 
[2024/10/05 周六  6:39:48.60] I:启动！ 
[2024/10/05 周六  6:39:48.88] I:开始备份！ 
[2024/10/05 周六  6:39:48.89] I:文件名"D:\backups\10班共享资料-2024.10.05-autopack.7z" 
[2024/10/05 周六  6:40:43.78] I:完成 
[2024/10/05 周六 11:58:18.99] I:启动！ 
[2024/10/05 周六 11:58:19.01] W:文件存在，跳过！ 
[2024/10/05 周六 14:20:12.93] I:启动！ 
[2024/10/05 周六 14:20:12.95] W:文件存在，跳过！ 
[2024/10/05 周六 17:17:30.05] I:启动！ 
[2024/10/05 周六 17:17:30.08] W:文件存在，跳过！ 
[2024/10/06 周日 14:27:30.23] I:启动！ 
[2024/10/06 周日 14:27:30.49] I:启动！ 
[2024/10/06 周日 14:27:31.11] I:开始备份！ 
[2024/10/06 周日 14:27:31.11] I:文件名"D:\backups\10班共享资料-2024.10.06-autopack.7z" 
[2024/10/06 周日 14:28:18.98] I:完成 
[2024/10/06 周日 17:17:56.62] I:启动！ 
[2024/10/06 周日 17:17:56.64] W:文件存在，跳过！ 
[2024/10/07 周一  6:58:15.67] I:启动！ 
[2024/10/07 周一  6:58:15.92] I:启动！ 
[2024/10/07 周一  6:58:16.18] I:开始备份！ 
[2024/10/07 周一  6:58:16.18] I:文件名"D:\backups\10班共享资料-2024.10.07-autopack.7z" 
[2024/10/07 周一  6:59:06.13] I:完成 
[2024/10/07 周一 12:16:37.56] I:启动！ 
[2024/10/07 周一 12:16:37.58] W:文件存在，跳过！ 
[2024/10/07 周一 14:24:35.37] I:启动！ 
[2024/10/07 周一 14:24:35.39] W:文件存在，跳过！ 
[2024/10/08 周二  6:33:09.66] I:启动！ 
[2024/10/08 周二  6:33:09.86] I:启动！ 
[2024/10/08 周二  6:33:10.20] I:开始备份！ 
[2024/10/08 周二  6:33:10.22] I:文件名"D:\backups\10班共享资料-2024.10.08-autopack.7z" 
[2024/10/08 周二  6:34:07.12] I:完成 
[2024/10/08 周二  7:52:18.44] I:启动！ 
[2024/10/08 周二  7:52:18.45] W:文件存在，跳过！ 
[2024/10/08 周二 14:20:16.62] I:启动！ 
[2024/10/08 周二 14:20:16.65] W:文件存在，跳过！ 
[2024/10/08 周二 17:17:00.97] I:启动！ 
[2024/10/08 周二 17:17:01.00] W:文件存在，跳过！ 
[2024/10/08 周二 17:30:58.38] I:启动！ 
[2024/10/08 周二 17:30:58.40] W:文件存在，跳过！ 
[2024/10/09 周三  6:58:25.23] I:启动！ 
[2024/10/09 周三  6:58:25.47] I:启动！ 
[2024/10/09 周三  6:58:25.71] I:开始备份！ 
[2024/10/09 周三  6:58:25.73] I:文件名"D:\backups\10班共享资料-2024.10.09-autopack.7z" 
[2024/10/09 周三  6:59:21.81] I:完成 
[2024/10/09 周三  8:46:34.29] I:启动！ 
[2024/10/09 周三  8:46:34.32] W:文件存在，跳过！ 
[2024/10/09 周三 11:11:37.11] I:启动！ 
[2024/10/09 周三 11:11:37.12] W:文件存在，跳过！ 
[2024/10/09 周三 14:27:53.66] I:启动！ 
[2024/10/09 周三 14:27:53.67] W:文件存在，跳过！ 
[2024/10/09 周三 17:09:45.68] I:启动！ 
[2024/10/09 周三 17:09:45.70] W:文件存在，跳过！ 
[2024/10/09 周三 19:08:12.90] I:启动！ 
[2024/10/09 周三 19:08:12.92] W:文件存在，跳过！ 
[2024/10/09 周三 21:04:53.65] I:启动！ 
[2024/10/09 周三 21:04:53.66] W:文件存在，跳过！ 
[2024/10/10 周四  6:58:28.47] I:启动！ 
[2024/10/10 周四  6:58:28.72] I:启动！ 
[2024/10/10 周四  6:58:28.97] I:开始备份！ 
[2024/10/10 周四  6:58:28.97] I:文件名"D:\backups\10班共享资料-2024.10.10-autopack.7z" 
[2024/10/10 周四  6:59:26.48] I:完成 
[2024/10/10 周四  7:53:06.94] I:启动！ 
[2024/10/10 周四  7:53:06.96] W:文件存在，跳过！ 
[2024/10/10 周四 14:29:01.29] I:启动！ 
[2024/10/10 周四 14:29:01.30] W:文件存在，跳过！ 
[2024/10/10 周四 17:44:05.72] I:启动！ 
[2024/10/10 周四 17:44:05.78] W:文件存在，跳过！ 
[2024/10/11 周五  6:44:44.46] I:启动！ 
[2024/10/11 周五  6:44:44.75] I:启动！ 
[2024/10/11 周五  6:44:45.00] I:开始备份！ 
[2024/10/11 周五  6:44:45.00] I:文件名"D:\backups\10班共享资料-2024.10.11-autopack.7z" 
[2024/10/11 周五  6:45:39.28] I:完成 
[2024/10/11 周五  7:49:42.37] I:启动！ 
[2024/10/11 周五  7:49:42.39] W:文件存在，跳过！ 
[2024/10/11 周五 13:29:23.00] I:启动！ 
[2024/10/11 周五 13:29:23.01] W:文件存在，跳过！ 
[2024/10/11 周五 13:33:56.69] I:启动！ 
[2024/10/11 周五 13:33:56.70] W:文件存在，跳过！ 
[2024/10/11 周五 15:19:51.22] I:启动！ 
[2024/10/11 周五 15:19:51.23] W:文件存在，跳过！ 
[2024/10/11 周五 17:53:23.01] I:启动！ 
[2024/10/11 周五 17:53:23.03] W:文件存在，跳过！ 
[2024/10/12 周六  7:00:23.59] I:启动！ 
[2024/10/12 周六  7:00:23.85] I:启动！ 
[2024/10/12 周六  7:00:24.11] I:开始备份！ 
[2024/10/12 周六  7:00:24.12] I:文件名"D:\backups\10班共享资料-2024.10.12-autopack.7z" 
[2024/10/12 周六  7:01:16.26] I:完成 
[2024/10/12 周六  7:53:32.46] I:启动！ 
[2024/10/12 周六  7:53:32.48] W:文件存在，跳过！ 
[2024/10/12 周六 14:19:54.34] I:启动！ 
[2024/10/12 周六 14:19:54.36] W:文件存在，跳过！ 
[2024/10/13 周日 18:47:52.99] I:启动！ 
[2024/10/13 周日 18:47:53.25] I:启动！ 
[2024/10/13 周日 18:47:53.51] I:开始备份！ 
[2024/10/13 周日 18:47:53.52] I:文件名"D:\backups\10班共享资料-2024.10.13-autopack.7z" 
[2024/10/13 周日 18:48:47.93] I:完成 
[2024/10/14 周一  6:58:22.56] I:启动！ 
[2024/10/14 周一  6:58:22.82] I:启动！ 
[2024/10/14 周一  6:58:23.08] I:开始备份！ 
[2024/10/14 周一  6:58:23.09] I:文件名"D:\backups\10班共享资料-2024.10.14-autopack.7z" 
[2024/10/14 周一  6:59:14.13] I:完成 
[2024/10/14 周一  7:56:53.27] I:启动！ 
[2024/10/14 周一  7:56:53.29] W:文件存在，跳过！ 
[2024/10/14 周一 16:05:48.94] I:启动！ 
[2024/10/14 周一 16:05:48.95] W:文件存在，跳过！ 
[2024/10/15 周二  6:33:17.51] I:启动！ 
[2024/10/15 周二  6:33:17.76] I:启动！ 
[2024/10/15 周二  6:33:18.04] I:开始备份！ 
[2024/10/15 周二  6:33:18.05] I:文件名"D:\backups\10班共享资料-2024.10.15-autopack.7z" 
[2024/10/15 周二  6:34:08.92] I:完成 
[2024/10/15 周二  7:48:19.95] I:启动！ 
[2024/10/15 周二  7:48:19.97] W:文件存在，跳过！ 
[2024/10/15 周二 14:13:18.81] I:启动！ 
[2024/10/15 周二 14:13:18.83] W:文件存在，跳过！ 
[2024/10/15 周二 14:20:27.01] I:启动！ 
[2024/10/15 周二 14:20:27.03] W:文件存在，跳过！ 
[2024/10/15 周二 17:55:06.42] I:启动！ 
[2024/10/15 周二 17:55:06.43] W:文件存在，跳过！ 
[2024/10/15 周二 19:33:27.54] I:启动！ 
[2024/10/15 周二 19:33:27.55] W:文件存在，跳过！ 
[2024/10/16 周三  6:59:17.55] I:启动！ 
[2024/10/16 周三  6:59:17.79] I:启动！ 
[2024/10/16 周三  6:59:18.06] I:开始备份！ 
[2024/10/16 周三  6:59:18.06] I:文件名"D:\backups\10班共享资料-2024.10.16-autopack.7z" 
[2024/10/16 周三  7:00:09.34] I:完成 
[2024/10/16 周三  8:46:51.64] I:启动！ 
[2024/10/16 周三  8:46:51.65] W:文件存在，跳过！ 
[2024/10/16 周三 14:20:26.21] I:启动！ 
[2024/10/16 周三 14:20:26.23] W:文件存在，跳过！ 
[2024/10/16 周三 17:25:20.82] I:启动！ 
[2024/10/16 周三 17:25:20.83] W:文件存在，跳过！ 
[2024/10/16 周三 18:01:54.06] I:启动！ 
[2024/10/16 周三 18:01:54.07] W:文件存在，跳过！ 
[2024/10/17 周四  6:54:47.80] I:启动！ 
[2024/10/17 周四  6:54:48.03] I:启动！ 
[2024/10/17 周四  6:54:48.29] I:开始备份！ 
[2024/10/17 周四  6:54:48.29] I:文件名"D:\backups\10班共享资料-2024.10.17-autopack.7z" 
[2024/10/17 周四  6:55:42.38] I:完成 
[2024/10/17 周四  8:39:26.62] I:启动！ 
[2024/10/17 周四  8:39:26.64] W:文件存在，跳过！ 
[2024/10/17 周四 14:27:40.56] I:启动！ 
[2024/10/17 周四 14:27:40.58] W:文件存在，跳过！ 
[2024/10/18 周五  6:55:47.44] I:启动！ 
[2024/10/18 周五  6:55:47.68] I:启动！ 
[2024/10/18 周五  6:55:47.92] I:开始备份！ 
[2024/10/18 周五  6:55:47.92] I:文件名"D:\backups\10班共享资料-2024.10.18-autopack.7z" 
[2024/10/18 周五  6:56:37.49] I:完成 
[2024/10/18 周五 14:26:11.54] I:启动！ 
[2024/10/18 周五 14:26:11.56] W:文件存在，跳过！ 
[2024/10/18 周五 17:51:29.56] I:启动！ 
[2024/10/18 周五 17:51:29.58] W:文件存在，跳过！ 
[2024/10/18 周五 21:01:46.89] I:启动！ 
[2024/10/18 周五 21:01:46.91] W:文件存在，跳过！ 
[2024/10/19 周六  6:55:50.71] I:启动！ 
[2024/10/19 周六  6:55:50.96] I:启动！ 
[2024/10/19 周六  6:55:51.23] I:开始备份！ 
[2024/10/19 周六  6:55:51.23] I:文件名"D:\backups\10班共享资料-2024.10.19-autopack.7z" 
[2024/10/19 周六  6:56:43.78] I:完成 
[2024/10/19 周六 12:16:05.70] I:启动！ 
[2024/10/19 周六 12:16:05.72] W:文件存在，跳过！ 
[2024/10/19 周六 14:31:54.07] I:启动！ 
[2024/10/19 周六 14:31:54.08] W:文件存在，跳过！ 
[2024/10/19 周六 19:14:05.51] I:启动！ 
[2024/10/19 周六 19:14:05.52] W:文件存在，跳过！ 
[2024/10/20 周日  8:51:37.47] I:启动！ 
[2024/10/20 周日  8:51:37.75] I:启动！ 
[2024/10/20 周日  8:51:38.04] I:开始备份！ 
[2024/10/20 周日  8:51:38.05] I:文件名"D:\backups\10班共享资料-2024.10.20-autopack.7z" 
[2024/10/20 周日  8:52:35.22] I:完成 
[2024/10/20 周日 20:57:58.58] I:启动！ 
[2024/10/20 周日 20:57:58.60] W:文件存在，跳过！ 
[2024/10/21 周一  6:54:58.43] I:启动！ 
[2024/10/21 周一  6:54:58.74] I:启动！ 
[2024/10/21 周一  6:54:59.00] I:开始备份！ 
[2024/10/21 周一  6:54:59.01] I:文件名"D:\backups\10班共享资料-2024.10.21-autopack.7z" 
[2024/10/21 周一  6:55:59.67] I:完成 
[2024/10/21 周一  7:51:27.35] I:启动！ 
[2024/10/21 周一  7:51:27.37] W:文件存在，跳过！ 
[2024/10/21 周一 14:32:35.74] I:启动！ 
[2024/10/21 周一 14:32:35.78] W:文件存在，跳过！ 
[2024/10/21 周一 17:54:18.91] I:启动！ 
[2024/10/21 周一 17:54:18.92] W:文件存在，跳过！ 
[2024/10/22 周二  6:59:21.90] I:启动！ 
[2024/10/22 周二  6:59:22.09] I:启动！ 
[2024/10/22 周二  6:59:22.39] I:开始备份！ 
[2024/10/22 周二  6:59:22.39] I:文件名"D:\backups\10班共享资料-2024.10.22-autopack.7z" 
[2024/10/22 周二  7:00:15.83] I:完成 
[2024/10/22 周二  7:45:46.42] I:启动！ 
[2024/10/22 周二  7:45:46.44] W:文件存在，跳过！ 
[2024/10/22 周二 12:21:01.82] I:启动！ 
[2024/10/22 周二 12:21:01.83] W:文件存在，跳过！ 
[2024/10/22 周二 14:13:32.49] I:启动！ 
[2024/10/22 周二 14:13:32.51] W:文件存在，跳过！ 
[2024/10/22 周二 17:41:05.17] I:启动！ 
[2024/10/22 周二 17:41:05.21] W:文件存在，跳过！ 
[2024/10/22 周二 19:34:59.26] I:启动！ 
[2024/10/22 周二 19:34:59.28] W:文件存在，跳过！ 
[2024/10/23 周三  6:52:50.35] I:启动！ 
[2024/10/23 周三  6:52:50.66] I:启动！ 
[2024/10/23 周三  6:52:50.95] I:开始备份！ 
[2024/10/23 周三  6:52:50.95] I:文件名"D:\backups\10班共享资料-2024.10.23-autopack.7z" 
[2024/10/23 周三  6:53:56.55] I:完成 
[2024/10/23 周三  7:51:25.81] I:启动！ 
[2024/10/23 周三  7:51:25.83] W:文件存在，跳过！ 
[2024/10/23 周三 11:07:40.36] I:启动！ 
[2024/10/23 周三 11:07:40.38] W:文件存在，跳过！ 
[2024/10/23 周三 17:07:34.84] I:启动！ 
[2024/10/23 周三 17:07:34.85] W:文件存在，跳过！ 
[2024/10/24 周四  7:04:49.39] I:启动！ 
[2024/10/24 周四  7:04:49.61] I:启动！ 
[2024/10/24 周四  7:04:49.88] I:开始备份！ 
[2024/10/24 周四  7:04:49.89] I:文件名"D:\backups\10班共享资料-2024.10.24-autopack.7z" 
[2024/10/24 周四  7:06:02.48] I:完成 
[2024/10/24 周四  7:51:17.61] I:启动！ 
[2024/10/24 周四  7:51:17.62] W:文件存在，跳过！ 
[2024/10/24 周四 12:15:52.84] I:启动！ 
[2024/10/24 周四 12:15:52.86] W:文件存在，跳过！ 
[2024/10/24 周四 14:25:33.53] I:启动！ 
[2024/10/24 周四 14:25:33.55] W:文件存在，跳过！ 
[2024/10/24 周四 16:36:34.22] I:启动！ 
[2024/10/24 周四 16:36:34.24] W:文件存在，跳过！ 
[2024/10/24 周四 17:22:54.84] I:启动！ 
[2024/10/24 周四 17:22:54.86] W:文件存在，跳过！ 
[2024/10/25 周五  6:58:12.28] I:启动！ 
[2024/10/25 周五  6:58:12.53] I:启动！ 
[2024/10/25 周五  6:58:12.79] I:开始备份！ 
[2024/10/25 周五  6:58:12.79] I:文件名"D:\backups\10班共享资料-2024.10.25-autopack.7z" 
[2024/10/25 周五  6:59:29.91] I:完成 
[2024/10/25 周五  7:50:44.18] I:启动！ 
[2024/10/25 周五  7:50:44.19] W:文件存在，跳过！ 
[2024/10/25 周五 15:12:26.60] I:启动！ 
[2024/10/25 周五 15:12:26.62] W:文件存在，跳过！ 
[2024/10/25 周五 17:37:10.34] I:启动！ 
[2024/10/25 周五 17:37:10.35] W:文件存在，跳过！ 
[2024/10/26 周六  7:00:03.65] I:启动！ 
[2024/10/26 周六  7:00:03.96] I:启动！ 
[2024/10/26 周六  7:00:04.24] I:开始备份！ 
[2024/10/26 周六  7:00:04.25] I:文件名"D:\backups\10班共享资料-2024.10.26-autopack.7z" 
[2024/10/26 周六  7:01:20.08] I:完成 
[2024/10/26 周六 11:20:52.66] I:启动！ 
[2024/10/26 周六 11:20:52.67] W:文件存在，跳过！ 
[2024/10/26 周六 12:17:36.80] I:启动！ 
[2024/10/26 周六 12:17:36.82] W:文件存在，跳过！ 
[2024/10/26 周六 14:26:39.22] I:启动！ 
[2024/10/26 周六 14:26:39.23] W:文件存在，跳过！ 
[2024/10/27 周日 18:47:09.09] I:启动！ 
[2024/10/27 周日 18:47:09.73] I:启动！ 
[2024/10/27 周日 18:47:10.01] I:开始备份！ 
[2024/10/27 周日 18:47:10.02] I:文件名"D:\backups\10班共享资料-2024.10.27-autopack.7z" 
[2024/10/27 周日 18:48:13.96] I:完成 
[2024/10/28 周一  6:55:10.26] I:启动！ 
[2024/10/28 周一  6:55:10.52] I:启动！ 
[2024/10/28 周一  6:55:10.77] I:开始备份！ 
[2024/10/28 周一  6:55:10.77] I:文件名"D:\backups\10班共享资料-2024.10.28-autopack.7z" 
[2024/10/28 周一  6:56:27.32] I:完成 
[2024/10/28 周一  7:50:39.33] I:启动！ 
[2024/10/28 周一  7:50:39.35] W:文件存在，跳过！ 
[2024/10/28 周一 16:14:46.63] I:启动！ 
[2024/10/28 周一 16:14:46.65] W:文件存在，跳过！ 
[2024/10/28 周一 17:53:37.94] I:启动！ 
[2024/10/28 周一 17:53:38.00] W:文件存在，跳过！ 
[2024/10/28 周一 18:21:29.52] I:启动！ 
[2024/10/28 周一 18:21:29.54] W:文件存在，跳过！ 
[2024/10/29 周二 18:08:47.40] I:启动！ 
[2024/10/29 周二 18:08:47.78] I:启动！ 
[2024/10/29 周二 18:08:48.04] I:开始备份！ 
[2024/10/29 周二 18:08:48.05] I:文件名"D:\backups\10班共享资料-2024.10.29-autopack.7z" 
[2024/10/29 周二 18:09:54.98] I:完成 
[2024/10/30 周三 12:05:45.42] I:启动！ 
[2024/10/30 周三 12:05:45.70] I:启动！ 
[2024/10/30 周三 12:05:46.01] I:开始备份！ 
[2024/10/30 周三 12:05:46.01] I:文件名"D:\backups\10班共享资料-2024.10.30-autopack.7z" 
[2024/10/30 周三 12:07:01.10] I:完成 
[2024/10/30 周三 20:48:11.30] I:启动！ 
[2024/10/30 周三 20:48:11.31] W:文件存在，跳过！ 
[2024/10/31 周四  6:54:29.80] I:启动！ 
[2024/10/31 周四  6:54:30.10] I:启动！ 
[2024/10/31 周四  6:54:30.40] I:开始备份！ 
[2024/10/31 周四  6:54:30.41] I:文件名"D:\backups\10班共享资料-2024.10.31-autopack.7z" 
[2024/10/31 周四  6:55:52.22] I:完成 
[2024/10/31 周四  7:49:48.02] I:启动！ 
[2024/10/31 周四  7:49:48.04] W:文件存在，跳过！ 
[2024/10/31 周四 12:23:06.41] I:启动！ 
[2024/10/31 周四 12:23:06.42] W:文件存在，跳过！ 
[2024/10/31 周四 14:24:46.68] I:启动！ 
[2024/10/31 周四 14:24:46.69] W:文件存在，跳过！ 
[2024/10/31 周四 16:14:57.54] I:启动！ 
[2024/10/31 周四 16:14:57.55] W:文件存在，跳过！ 
[2024/10/31 周四 18:19:43.77] I:启动！ 
[2024/10/31 周四 18:19:43.79] W:文件存在，跳过！ 
[2024/11/01 周五  6:46:55.26] I:启动！ 
[2024/11/01 周五  6:46:55.90] I:启动！ 
[2024/11/01 周五  6:46:56.16] I:开始备份！ 
[2024/11/01 周五  6:46:56.17] I:文件名"D:\backups\10班共享资料-2024.11.01-autopack.7z" 
[2024/11/01 周五  6:48:14.74] I:完成 
[2024/11/01 周五  7:47:12.48] I:启动！ 
[2024/11/01 周五  7:47:12.50] W:文件存在，跳过！ 
[2024/11/01 周五 12:16:31.38] I:启动！ 
[2024/11/01 周五 12:16:31.39] W:文件存在，跳过！ 
[2024/11/01 周五 14:15:31.91] I:启动！ 
[2024/11/01 周五 14:15:31.93] W:文件存在，跳过！ 
[2024/11/02 周六  7:00:50.70] I:启动！ 
[2024/11/02 周六  7:00:51.11] I:启动！ 
[2024/11/02 周六  7:00:51.39] I:开始备份！ 
[2024/11/02 周六  7:00:51.40] I:文件名"D:\backups\10班共享资料-2024.11.02-autopack.7z" 
[2024/11/02 周六  7:02:12.67] I:完成 
[2024/11/02 周六 14:21:01.45] I:启动！ 
[2024/11/02 周六 14:21:01.47] W:文件存在，跳过！ 
[2024/11/03 周日 18:46:55.51] I:启动！ 
[2024/11/03 周日 18:46:55.82] I:启动！ 
[2024/11/03 周日 18:46:56.07] I:开始备份！ 
[2024/11/03 周日 18:46:56.08] I:文件名"D:\backups\10班共享资料-2024.11.03-autopack.7z" 
[2024/11/03 周日 18:47:57.05] I:完成 
[2024/11/03 周日 19:27:49.92] I:启动！ 
[2024/11/03 周日 19:27:49.94] W:文件存在，跳过！ 
[2024/11/04 周一  6:52:34.29] I:启动！ 
[2024/11/04 周一  6:52:35.16] I:启动！ 
[2024/11/04 周一  6:52:35.48] I:开始备份！ 
[2024/11/04 周一  6:52:35.48] I:文件名"D:\backups\10班共享资料-2024.11.04-autopack.7z" 
[2024/11/04 周一  6:53:50.63] I:完成 
[2024/11/04 周一  7:52:51.40] I:启动！ 
[2024/11/04 周一  7:52:51.42] W:文件存在，跳过！ 
[2024/11/04 周一 12:34:38.85] I:启动！ 
[2024/11/04 周一 12:34:38.87] W:文件存在，跳过！ 
[2024/11/04 周一 17:37:22.27] I:启动！ 
[2024/11/04 周一 17:37:22.32] W:文件存在，跳过！ 
[2024/11/05 周二  6:48:31.64] I:启动！ 
[2024/11/05 周二  6:48:31.98] I:启动！ 
[2024/11/05 周二  6:48:32.56] I:开始备份！ 
[2024/11/05 周二  6:48:32.57] I:文件名"D:\backups\10班共享资料-2024.11.05-autopack.7z" 
[2024/11/05 周二  6:49:47.09] I:完成 
[2024/11/05 周二  7:49:21.11] I:启动！ 
[2024/11/05 周二  7:49:21.12] W:文件存在，跳过！ 
[2024/11/05 周二 19:33:50.49] I:启动！ 
[2024/11/05 周二 19:33:50.50] W:文件存在，跳过！ 
[2024/11/06 周三  6:30:44.70] I:启动！ 
[2024/11/06 周三  6:30:45.02] I:启动！ 
[2024/11/06 周三  6:30:45.31] I:开始备份！ 
[2024/11/06 周三  6:30:45.32] I:文件名"D:\backups\10班共享资料-2024.11.06-autopack.7z" 
[2024/11/06 周三  6:32:06.07] I:完成 
[2024/11/06 周三  7:49:46.91] I:启动！ 
[2024/11/06 周三  7:49:46.92] W:文件存在，跳过！ 
[2024/11/06 周三 11:14:07.19] I:启动！ 
[2024/11/06 周三 11:14:07.21] W:文件存在，跳过！ 
[2024/11/06 周三 15:19:39.82] I:启动！ 
[2024/11/06 周三 15:19:39.83] W:文件存在，跳过！ 
[2024/11/07 周四  7:52:32.31] I:启动！ 
[2024/11/07 周四  7:52:32.61] I:启动！ 
[2024/11/07 周四  7:52:32.90] I:开始备份！ 
[2024/11/07 周四  7:52:32.90] I:文件名"D:\backups\10班共享资料-2024.11.07-autopack.7z" 
[2024/11/07 周四  7:53:32.00] I:完成 
[2024/11/07 周四 14:25:27.75] I:启动！ 
[2024/11/07 周四 14:25:27.76] W:文件存在，跳过！ 
[2024/11/07 周四 17:02:12.00] I:启动！ 
[2024/11/07 周四 17:02:12.02] W:文件存在，跳过！ 
[2024/11/08 周五  8:00:02.94] I:启动！ 
[2024/11/08 周五  8:00:03.17] I:启动！ 
[2024/11/08 周五  8:00:03.42] I:开始备份！ 
[2024/11/08 周五  8:00:03.44] I:文件名"D:\backups\10班共享资料-2024.11.08-autopack.7z" 
[2024/11/08 周五  8:01:29.76] I:完成 
[2024/11/08 周五 15:18:34.33] I:启动！ 
[2024/11/08 周五 15:18:34.35] W:文件存在，跳过！ 
[2024/11/08 周五 17:34:22.26] I:启动！ 
[2024/11/08 周五 17:34:22.28] W:文件存在，跳过！ 
[2024/11/09 周六  6:55:18.18] I:启动！ 
[2024/11/09 周六  6:55:18.40] I:启动！ 
[2024/11/09 周六  6:55:18.72] I:开始备份！ 
[2024/11/09 周六  6:55:18.72] I:文件名"D:\backups\10班共享资料-2024.11.09-autopack.7z" 
[2024/11/09 周六  6:56:29.51] I:完成 
[2024/11/09 周六 11:07:39.59] I:启动！ 
[2024/11/09 周六 11:07:39.60] W:文件存在，跳过！ 
[2024/11/09 周六 12:16:37.36] I:启动！ 
[2024/11/09 周六 12:16:37.38] W:文件存在，跳过！ 
[2024/11/09 周六 14:24:44.00] I:启动！ 
[2024/11/09 周六 14:24:44.02] W:文件存在，跳过！ 
[2024/11/10 周日 18:47:22.60] I:启动！ 
[2024/11/10 周日 18:47:22.98] I:启动！ 
[2024/11/10 周日 18:47:23.42] I:开始备份！ 
[2024/11/10 周日 18:47:23.43] I:文件名"D:\backups\10班共享资料-2024.11.10-autopack.7z" 
[2024/11/10 周日 18:48:17.66] I:完成 
[2024/11/11 周一  7:45:43.98] I:启动！ 
[2024/11/11 周一  7:45:44.37] I:启动！ 
[2024/11/11 周一  7:45:44.66] I:开始备份！ 
[2024/11/11 周一  7:45:44.66] I:文件名"D:\backups\10班共享资料-2024.11.11-autopack.7z" 
[2024/11/11 周一  7:46:44.29] I:完成 
[2024/11/11 周一 17:44:00.00] I:启动！ 
[2024/11/11 周一 17:44:00.02] W:文件存在，跳过！ 
[2024/11/12 周二  6:50:26.61] I:启动！ 
[2024/11/12 周二  6:50:26.98] I:启动！ 
[2024/11/12 周二  6:50:27.58] I:开始备份！ 
[2024/11/12 周二  6:50:27.58] I:文件名"D:\backups\10班共享资料-2024.11.12-autopack.7z" 
[2024/11/12 周二  6:51:25.18] I:完成 
[2024/11/12 周二  8:37:24.64] I:启动！ 
[2024/11/12 周二  8:37:24.66] W:文件存在，跳过！ 
[2024/11/12 周二 12:20:01.61] I:启动！ 
[2024/11/12 周二 12:20:01.62] W:文件存在，跳过！ 
[2024/11/12 周二 14:14:01.93] I:启动！ 
[2024/11/12 周二 14:14:01.94] W:文件存在，跳过！ 
[2024/11/12 周二 17:29:19.71] I:启动！ 
[2024/11/12 周二 17:29:19.72] W:文件存在，跳过！ 
[2024/11/13 周三  6:55:45.64] I:启动！ 
[2024/11/13 周三  6:55:46.06] I:启动！ 
[2024/11/13 周三  6:55:46.33] I:开始备份！ 
[2024/11/13 周三  6:55:46.33] I:文件名"D:\backups\10班共享资料-2024.11.13-autopack.7z" 
[2024/11/13 周三  6:56:41.30] I:完成 
[2024/11/13 周三  8:46:56.43] I:启动！ 
[2024/11/13 周三  8:46:56.44] W:文件存在，跳过！ 
[2024/11/13 周三 11:08:25.27] I:启动！ 
[2024/11/13 周三 11:08:25.29] W:文件存在，跳过！ 
[2024/11/13 周三 14:26:33.99] I:启动！ 
[2024/11/13 周三 14:26:34.00] W:文件存在，跳过！ 
[2024/11/13 周三 17:41:36.25] I:启动！ 
[2024/11/13 周三 17:41:36.27] W:文件存在，跳过！ 
[2024/11/14 周四  6:47:59.22] I:启动！ 
[2024/11/14 周四  6:47:59.71] I:启动！ 
[2024/11/14 周四  6:47:59.99] I:开始备份！ 
[2024/11/14 周四  6:48:00.00] I:文件名"D:\backups\10班共享资料-2024.11.14-autopack.7z" 
[2024/11/14 周四  6:48:57.93] I:完成 
[2024/11/14 周四  8:42:19.52] I:启动！ 
[2024/11/14 周四  8:42:19.54] W:文件存在，跳过！ 
[2024/11/14 周四 12:18:34.04] I:启动！ 
[2024/11/14 周四 12:18:34.05] W:文件存在，跳过！ 
[2024/11/14 周四 15:22:17.61] I:启动！ 
[2024/11/14 周四 15:22:17.62] W:文件存在，跳过！ 
[2024/11/15 周五  6:33:36.66] I:启动！ 
[2024/11/15 周五  6:33:37.07] I:启动！ 
[2024/11/15 周五  6:33:37.33] I:开始备份！ 
[2024/11/15 周五  6:33:37.34] I:文件名"D:\backups\10班共享资料-2024.11.15-autopack.7z" 
[2024/11/15 周五  6:34:42.79] I:完成 
[2024/11/15 周五 12:20:12.45] I:启动！ 
[2024/11/15 周五 12:20:12.46] W:文件存在，跳过！ 
[2024/11/15 周五 15:15:59.17] I:启动！ 
[2024/11/15 周五 15:15:59.18] W:文件存在，跳过！ 
[2024/11/15 周五 17:38:13.79] I:启动！ 
[2024/11/15 周五 17:38:13.80] W:文件存在，跳过！ 
[2024/11/16 周六  6:47:15.50] I:启动！ 
[2024/11/16 周六  6:47:15.95] I:启动！ 
[2024/11/16 周六  6:47:16.24] I:开始备份！ 
[2024/11/16 周六  6:47:16.24] I:文件名"D:\backups\10班共享资料-2024.11.16-autopack.7z" 
[2024/11/16 周六  6:48:22.05] I:完成 
[2024/11/16 周六 14:22:55.42] I:启动！ 
[2024/11/16 周六 14:22:55.43] W:文件存在，跳过！ 
[2024/11/17 周日 18:44:08.36] I:启动！ 
[2024/11/17 周日 18:44:08.80] I:启动！ 
[2024/11/17 周日 18:44:09.10] I:开始备份！ 
[2024/11/17 周日 18:44:09.11] I:文件名"D:\backups\10班共享资料-2024.11.17-autopack.7z" 
[2024/11/17 周日 18:45:09.94] I:完成 
[2024/11/18 周一 10:30:39.37] I:启动！ 
[2024/11/18 周一 10:30:39.87] I:启动！ 
[2024/11/18 周一 10:30:40.18] I:开始备份！ 
[2024/11/18 周一 10:30:40.19] I:文件名"D:\backups\10班共享资料-2024.11.18-autopack.7z" 
[2024/11/18 周一 10:31:49.12] I:完成 
[2024/11/18 周一 15:21:05.27] I:启动！ 
[2024/11/18 周一 15:21:05.28] W:文件存在，跳过！ 
[2024/11/18 周一 18:10:10.54] I:启动！ 
[2024/11/18 周一 18:10:10.56] W:文件存在，跳过！ 
[2024/11/19 周二  7:11:35.30] I:启动！ 
[2024/11/19 周二  7:11:35.65] I:启动！ 
[2024/11/19 周二  7:11:36.03] I:开始备份！ 
[2024/11/19 周二  7:11:36.04] I:文件名"D:\backups\10班共享资料-2024.11.19-autopack.7z" 
[2024/11/19 周二  7:12:52.74] I:完成 
[2024/11/19 周二 12:24:39.81] I:启动！ 
[2024/11/19 周二 12:24:39.82] W:文件存在，跳过！ 
[2024/11/19 周二 14:23:04.20] I:启动！ 
[2024/11/19 周二 14:23:04.21] W:文件存在，跳过！ 
[2024/11/19 周二 17:39:48.17] I:启动！ 
[2024/11/19 周二 17:39:48.18] W:文件存在，跳过！ 
[2024/11/19 周二 18:03:07.83] I:启动！ 
[2024/11/19 周二 18:03:07.84] W:文件存在，跳过！ 
[2024/11/19 周二 18:07:37.05] I:启动！ 
[2024/11/19 周二 18:07:37.07] W:文件存在，跳过！ 
[2024/11/19 周二 19:17:18.13] I:启动！ 
[2024/11/19 周二 19:17:18.15] W:文件存在，跳过！ 
[2024/11/20 周三  6:52:30.92] I:启动！ 
[2024/11/20 周三  6:52:31.16] I:启动！ 
[2024/11/20 周三  6:52:31.48] I:开始备份！ 
[2024/11/20 周三  6:52:31.49] I:文件名"D:\backups\10班共享资料-2024.11.20-autopack.7z" 
[2024/11/20 周三  6:53:58.64] I:完成 
[2024/11/20 周三 12:15:23.30] I:启动！ 
[2024/11/20 周三 12:15:23.32] W:文件存在，跳过！ 
[2024/11/20 周三 14:26:06.80] I:启动！ 
[2024/11/20 周三 14:26:06.82] W:文件存在，跳过！ 
